<?xml version="1.0" encoding="UTF-8"?>
<testsuite name="com.example.board.controller.BoardControllerTest" tests="1" skipped="0" failures="0" errors="0" timestamp="2024-09-24T11:10:27" hostname="ihyeon-aui-MacBookPro.local" time="0.085">
  <properties/>
  <testcase name="createBoard_ValidError()" classname="com.example.board.controller.BoardControllerTest" time="0.085"/>
  <system-out><![CDATA[20:10:26.255 [Test worker] INFO org.springframework.test.context.support.AnnotationConfigContextLoaderUtils -- Could not detect default configuration classes for test class [com.example.board.controller.BoardControllerTest]: BoardControllerTest does not declare any static, non-private, non-final, nested classes annotated with @Configuration.
20:10:26.302 [Test worker] INFO org.springframework.boot.test.context.SpringBootTestContextBootstrapper -- Found @SpringBootConfiguration com.example.board.BoardApplication for test class com.example.board.controller.BoardControllerTest

  .   ____          _            __ _ _
 /\\ / ___'_ __ _ _(_)_ __  __ _ \ \ \ \
( ( )\___ | '_ | '_| | '_ \/ _` | \ \ \ \
 \\/  ___)| |_)| | | | | || (_| |  ) ) ) )
  '  |____| .__|_| |_|_| |_\__, | / / / /
 =========|_|==============|___/=/_/_/_/

 :: Spring Boot ::                (v3.3.3)

2024-09-24T20:10:26.435+09:00  INFO 33165 --- [    Test worker] c.e.b.controller.BoardControllerTest     : Starting BoardControllerTest using Java 21.0.3 with PID 33165 (started by ihyeon-a in /Users/ihyeon-a/Desktop/side/Board)
2024-09-24T20:10:26.435+09:00  INFO 33165 --- [    Test worker] c.e.b.controller.BoardControllerTest     : No active profile set, falling back to 1 default profile: "default"
2024-09-24T20:10:27.190+09:00  INFO 33165 --- [    Test worker] o.s.b.t.m.w.SpringBootMockServletContext : Initializing Spring TestDispatcherServlet ''
2024-09-24T20:10:27.190+09:00  INFO 33165 --- [    Test worker] o.s.t.web.servlet.TestDispatcherServlet  : Initializing Servlet ''
2024-09-24T20:10:27.191+09:00  INFO 33165 --- [    Test worker] o.s.t.web.servlet.TestDispatcherServlet  : Completed initialization in 0 ms
2024-09-24T20:10:27.202+09:00  INFO 33165 --- [    Test worker] c.e.b.controller.BoardControllerTest     : Started BoardControllerTest in 0.874 seconds (process running for 1.264)
]]></system-out>
  <system-err><![CDATA[WARNING: A Java agent has been loaded dynamically (/Users/ihyeon-a/.gradle/caches/modules-2/files-2.1/net.bytebuddy/byte-buddy-agent/1.14.19/154da3a65b4f4a909d3e5bdec55d1b2b4cbb6ce1/byte-buddy-agent-1.14.19.jar)
WARNING: If a serviceability tool is in use, please run with -XX:+EnableDynamicAgentLoading to hide this warning
WARNING: If a serviceability tool is not in use, please run with -Djdk.instrument.traceUsage for more information
WARNING: Dynamic loading of agents will be disallowed by default in a future release
]]></system-err>
</testsuite>
